<?xml version="1.0" encoding="UTF-8"?>
<!-- Generated by org.testng.reporters.JUnitXMLReporter -->
<testsuite ignored="3" hostname="DESKTOP-FFTSIEL" failures="0" tests="1" name="Default test" time="8.876" errors="0" timestamp="2025-12-28T13:22:43 IST">
  <testcase classname="selenium_programming.ShadoDom" name="BookApp" time="2.253"/>
  <testcase classname="selenium_programming.ShadoDom" name="NestedShadowElement" time="0.0">
    <ignored/>
  </testcase> <!-- NestedShadowElement -->
  <testcase classname="selenium_programming.ShadoDom" name="MultinestedShadowElement" time="0.0">
    <ignored/>
  </testcase> <!-- MultinestedShadowElement -->
  <testcase classname="selenium_programming.ShadoDom" name="ShadowElement" time="0.0">
    <ignored/>
  </testcase> <!-- ShadowElement -->
</testsuite> <!-- Default test -->
