<?xml version="1.0" encoding="UTF-8"?>
<testng-results ignored="0" total="2" passed="2" failed="0" skipped="0">
  <reporter-output>
  </reporter-output>
  <suite started-at="2025-07-08T15:22:28 IST" name="Default suite" finished-at="2025-07-08T15:22:43 IST" duration-ms="14427">
    <groups>
    </groups>
    <test started-at="2025-07-08T15:22:28 IST" name="Default test" finished-at="2025-07-08T15:22:43 IST" duration-ms="14427">
      <class name="extentReport123.extentss">
        <test-method is-config="true" signature="browser()[pri:0, instance:extentReport123.extentss@7b9a4292]" started-at="2025-07-08T15:22:28 IST" name="browser" finished-at="2025-07-08T15:22:39 IST" duration-ms="11102" status="PASS">
          <reporter-output>
          </reporter-output>
        </test-method> <!-- browser -->
        <test-method signature="test1()[pri:0, instance:extentReport123.extentss@7b9a4292]" started-at="2025-07-08T15:22:39 IST" name="test1" finished-at="2025-07-08T15:22:42 IST" duration-ms="2852" status="PASS">
          <reporter-output>
          </reporter-output>
        </test-method> <!-- test1 -->
        <test-method signature="test2()[pri:0, instance:extentReport123.extentss@7b9a4292]" started-at="2025-07-08T15:22:42 IST" name="test2" finished-at="2025-07-08T15:22:43 IST" duration-ms="288" status="PASS">
          <reporter-output>
          </reporter-output>
        </test-method> <!-- test2 -->
      </class> <!-- extentReport123.extentss -->
    </test> <!-- Default test -->
  </suite> <!-- Default suite -->
</testng-results>
