<?xml version="1.0" encoding="UTF-8"?>
<testng-results ignored="3" total="4" passed="1" failed="0" skipped="0">
  <reporter-output>
  </reporter-output>
  <suite started-at="2025-12-28T13:22:34 IST" name="Default suite" finished-at="2025-12-28T13:22:43 IST" duration-ms="8876">
    <groups>
    </groups>
    <test started-at="2025-12-28T13:22:34 IST" name="Default test" finished-at="2025-12-28T13:22:43 IST" duration-ms="8876">
      <class name="selenium_programming.ShadoDom">
        <test-method is-config="true" signature="seup()[pri:0, instance:selenium_programming.ShadoDom@47af7f3d]" started-at="2025-12-28T13:22:34 IST" name="seup" finished-at="2025-12-28T13:22:40 IST" duration-ms="6526" status="PASS">
          <reporter-output>
          </reporter-output>
        </test-method> <!-- seup -->
        <test-method signature="BookApp()[pri:0, instance:selenium_programming.ShadoDom@47af7f3d]" started-at="2025-12-28T13:22:40 IST" name="BookApp" finished-at="2025-12-28T13:22:43 IST" duration-ms="2253" status="PASS">
          <reporter-output>
          </reporter-output>
        </test-method> <!-- BookApp -->
      </class> <!-- selenium_programming.ShadoDom -->
    </test> <!-- Default test -->
  </suite> <!-- Default suite -->
</testng-results>
