<?xml version="1.0" encoding="UTF-8"?>
<!-- Generated by org.testng.reporters.JUnitReportReporter -->
<testsuite hostname="DESKTOP-FFTSIEL" failures="0" tests="2" name="extentReport123.extents_reports" time="2.988" errors="0" timestamp="2025-09-02T15:26:46 IST" skipped="0">
  <testcase classname="extentReport123.extents_reports" name="test2" time="0.178"/>
  <system-out/>
  <testcase classname="extentReport123.extents_reports" name="test1" time="2.810"/>
  <system-out/>
</testsuite> <!-- extentReport123.extents_reports -->
