<?xml version="1.0" encoding="UTF-8"?>
<!-- Generated by org.testng.reporters.JUnitReportReporter -->
<testsuite hostname="DESKTOP-FFTSIEL" failures="0" tests="4" name="Test_NG.DataProvider_separateClass" time="0.019" errors="0" timestamp="2025-06-29T15:23:16 IST" skipped="0">
  <testcase classname="Test_NG.DataProvider_separateClass" name="TestLogin" time="0.011"/>
  <system-out/>
  <testcase classname="Test_NG.DataProvider_separateClass" name="TestLogin" time="0.002"/>
  <system-out/>
  <testcase classname="Test_NG.DataProvider_separateClass" name="TestLogin" time="0.002"/>
  <system-out/>
  <testcase classname="Test_NG.DataProvider_separateClass" name="TestLogin" time="0.004"/>
  <system-out/>
</testsuite> <!-- Test_NG.DataProvider_separateClass -->
