<?xml version="1.0" encoding="UTF-8"?>
<!-- Generated by org.testng.reporters.JUnitReportReporter -->
<testsuite hostname="DESKTOP-FFTSIEL" failures="0" tests="4" name="selenium_programming.ShadoDom" time="8.779" errors="0" timestamp="2025-12-28T13:22:43 IST" skipped="3">
  <testcase classname="selenium_programming.ShadoDom" name="BookApp" time="8.779"/>
  <system-out/>
  <testcase classname="selenium_programming.ShadoDom" name="NestedShadowElement">
    <skipped/>
  </testcase> <!-- NestedShadowElement -->
  <system-out/>
  <testcase classname="selenium_programming.ShadoDom" name="MultinestedShadowElement">
    <skipped/>
  </testcase> <!-- MultinestedShadowElement -->
  <system-out/>
  <testcase classname="selenium_programming.ShadoDom" name="ShadowElement">
    <skipped/>
  </testcase> <!-- ShadowElement -->
  <system-out/>
</testsuite> <!-- selenium_programming.ShadoDom -->
