<?xml version="1.0" encoding="UTF-8"?>
<!-- Generated by org.testng.reporters.JUnitReportReporter -->
<testsuite hostname="DESKTOP-FFTSIEL" failures="0" tests="2" name="extentReport123.extentss" time="3.140" errors="0" timestamp="2025-07-08T15:22:43 IST" skipped="0">
  <testcase classname="extentReport123.extentss" name="test1" time="2.852"/>
  <system-out/>
  <testcase classname="extentReport123.extentss" name="test2" time="0.288"/>
  <system-out/>
</testsuite> <!-- extentReport123.extentss -->
