<?xml version="1.0" encoding="UTF-8"?>
<!-- Generated by org.testng.reporters.JUnitReportReporter -->
<testsuite hostname="DESKTOP-FFTSIEL" failures="0" tests="2" name="Test_NG.Dataprovider_indices" time="0.020" errors="0" timestamp="2025-06-29T20:14:20 IST" skipped="0">
  <testcase classname="Test_NG.Dataprovider_indices" name="test2" time="0.003"/>
  <system-out/>
  <testcase classname="Test_NG.Dataprovider_indices" name="test2" time="0.017"/>
  <system-out/>
</testsuite> <!-- Test_NG.Dataprovider_indices -->
